C:\USERS\DHANUS\DEV\VISUAL STUDIO 2012\PROJECTS\GLES_EX\EGLTRIANGLE\DEBUG\SHADER.OBJ
C:\USERS\DHANUS\DEV\VISUAL STUDIO 2012\PROJECTS\GLES_EX\EGLTRIANGLE\DEBUG\TRIANGLE.OBJ
C:\USERS\DHANUS\DEV\VISUAL STUDIO 2012\PROJECTS\GLES_EX\EGLTRIANGLE\DEBUG\WINDOW.OBJ
C:\USERS\DHANUS\DEV\VISUAL STUDIO 2012\PROJECTS\GLES_EX\EGLTRIANGLE\DEBUG\VC110.PDB
C:\USERS\DHANUS\DEV\VISUAL STUDIO 2012\PROJECTS\GLES_EX\EGLTRIANGLE\DEBUG\DXMATH.OBJ
C:\USERS\DHANUS\DEV\VISUAL STUDIO 2012\PROJECTS\GLES_EX\EGLTRIANGLE\DEBUG\DXMATRIX.OBJ
C:\USERS\DHANUS\DEV\VISUAL STUDIO 2012\PROJECTS\GLES_EX\EGLTRIANGLE\DEBUG\DXTRANSFORM.OBJ
C:\USERS\DHANUS\DEV\VISUAL STUDIO 2012\PROJECTS\GLES_EX\EGLTRIANGLE\DEBUG\DXVECTOR.OBJ
C:\USERS\DHANUS\DEV\VISUAL STUDIO 2012\PROJECTS\GLES_EX\DEBUG\EGLTRIANGLE.ILK
C:\USERS\DHANUS\DEV\VISUAL STUDIO 2012\PROJECTS\GLES_EX\DEBUG\EGLTRIANGLE.EXE
C:\USERS\DHANUS\DEV\VISUAL STUDIO 2012\PROJECTS\GLES_EX\DEBUG\EGLTRIANGLE.PDB
C:\Users\Dhanus\Dev\Visual Studio 2012\Projects\GLES_Ex\EGLTriangleTex\Debug\DXMath.obj
C:\Users\Dhanus\Dev\Visual Studio 2012\Projects\GLES_Ex\EGLTriangleTex\Debug\DXMatrix.obj
C:\Users\Dhanus\Dev\Visual Studio 2012\Projects\GLES_Ex\EGLTriangleTex\Debug\DXTransform.obj
C:\Users\Dhanus\Dev\Visual Studio 2012\Projects\GLES_Ex\EGLTriangleTex\Debug\DXVector.obj
C:\Users\Dhanus\Dev\Visual Studio 2012\Projects\GLES_Ex\EGLTriangleTex\Debug\Shader.obj
C:\Users\Dhanus\Dev\Visual Studio 2012\Projects\GLES_Ex\EGLTriangleTex\Debug\Traingle.obj
C:\Users\Dhanus\Dev\Visual Studio 2012\Projects\GLES_Ex\EGLTriangleTex\Debug\Triangle.obj
C:\Users\Dhanus\Dev\Visual Studio 2012\Projects\GLES_Ex\EGLTriangleTex\Debug\Window.obj
C:\Users\Dhanus\Dev\Visual Studio 2012\Projects\GLES_Ex\EGLTriangleTex\Debug\cl.command.1.tlog
C:\Users\Dhanus\Dev\Visual Studio 2012\Projects\GLES_Ex\EGLTriangleTex\Debug\CL.read.1.tlog
C:\Users\Dhanus\Dev\Visual Studio 2012\Projects\GLES_Ex\EGLTriangleTex\Debug\CL.write.1.tlog
C:\Users\Dhanus\Dev\Visual Studio 2012\Projects\GLES_Ex\EGLTriangleTex\Debug\link-cvtres.read.1.tlog
C:\Users\Dhanus\Dev\Visual Studio 2012\Projects\GLES_Ex\EGLTriangleTex\Debug\link-cvtres.write.1.tlog
C:\Users\Dhanus\Dev\Visual Studio 2012\Projects\GLES_Ex\EGLTriangleTex\Debug\link-rc.read.1.tlog
C:\Users\Dhanus\Dev\Visual Studio 2012\Projects\GLES_Ex\EGLTriangleTex\Debug\link-rc.write.1.tlog
C:\Users\Dhanus\Dev\Visual Studio 2012\Projects\GLES_Ex\EGLTriangleTex\Debug\link.11272-cvtres.read.1.tlog
C:\Users\Dhanus\Dev\Visual Studio 2012\Projects\GLES_Ex\EGLTriangleTex\Debug\link.11272-cvtres.write.1.tlog
C:\Users\Dhanus\Dev\Visual Studio 2012\Projects\GLES_Ex\EGLTriangleTex\Debug\link.11272-rc.read.1.tlog
C:\Users\Dhanus\Dev\Visual Studio 2012\Projects\GLES_Ex\EGLTriangleTex\Debug\link.11272-rc.write.1.tlog
C:\Users\Dhanus\Dev\Visual Studio 2012\Projects\GLES_Ex\EGLTriangleTex\Debug\link.11272.read.1.tlog
C:\Users\Dhanus\Dev\Visual Studio 2012\Projects\GLES_Ex\EGLTriangleTex\Debug\link.11272.write.1.tlog
C:\Users\Dhanus\Dev\Visual Studio 2012\Projects\GLES_Ex\EGLTriangleTex\Debug\link.3608-cvtres.read.1.tlog
C:\Users\Dhanus\Dev\Visual Studio 2012\Projects\GLES_Ex\EGLTriangleTex\Debug\link.3608-cvtres.write.1.tlog
C:\Users\Dhanus\Dev\Visual Studio 2012\Projects\GLES_Ex\EGLTriangleTex\Debug\link.3608-rc.read.1.tlog
C:\Users\Dhanus\Dev\Visual Studio 2012\Projects\GLES_Ex\EGLTriangleTex\Debug\link.3608-rc.write.1.tlog
C:\Users\Dhanus\Dev\Visual Studio 2012\Projects\GLES_Ex\EGLTriangleTex\Debug\link.3608.read.1.tlog
C:\Users\Dhanus\Dev\Visual Studio 2012\Projects\GLES_Ex\EGLTriangleTex\Debug\link.3608.write.1.tlog
C:\Users\Dhanus\Dev\Visual Studio 2012\Projects\GLES_Ex\EGLTriangleTex\Debug\link.7828-cvtres.read.1.tlog
C:\Users\Dhanus\Dev\Visual Studio 2012\Projects\GLES_Ex\EGLTriangleTex\Debug\link.7828-cvtres.write.1.tlog
C:\Users\Dhanus\Dev\Visual Studio 2012\Projects\GLES_Ex\EGLTriangleTex\Debug\link.7828-rc.read.1.tlog
C:\Users\Dhanus\Dev\Visual Studio 2012\Projects\GLES_Ex\EGLTriangleTex\Debug\link.7828-rc.write.1.tlog
C:\Users\Dhanus\Dev\Visual Studio 2012\Projects\GLES_Ex\EGLTriangleTex\Debug\link.7828.read.1.tlog
C:\Users\Dhanus\Dev\Visual Studio 2012\Projects\GLES_Ex\EGLTriangleTex\Debug\link.7828.write.1.tlog
C:\Users\Dhanus\Dev\Visual Studio 2012\Projects\GLES_Ex\EGLTriangleTex\Debug\link.9320-cvtres.read.1.tlog
C:\Users\Dhanus\Dev\Visual Studio 2012\Projects\GLES_Ex\EGLTriangleTex\Debug\link.9320-cvtres.write.1.tlog
C:\Users\Dhanus\Dev\Visual Studio 2012\Projects\GLES_Ex\EGLTriangleTex\Debug\link.9320-rc.read.1.tlog
C:\Users\Dhanus\Dev\Visual Studio 2012\Projects\GLES_Ex\EGLTriangleTex\Debug\link.9320-rc.write.1.tlog
C:\Users\Dhanus\Dev\Visual Studio 2012\Projects\GLES_Ex\EGLTriangleTex\Debug\link.9320.read.1.tlog
C:\Users\Dhanus\Dev\Visual Studio 2012\Projects\GLES_Ex\EGLTriangleTex\Debug\link.9320.write.1.tlog
C:\Users\Dhanus\Dev\Visual Studio 2012\Projects\GLES_Ex\EGLTriangleTex\Debug\link.9636-cvtres.read.1.tlog
C:\Users\Dhanus\Dev\Visual Studio 2012\Projects\GLES_Ex\EGLTriangleTex\Debug\link.9636-cvtres.write.1.tlog
C:\Users\Dhanus\Dev\Visual Studio 2012\Projects\GLES_Ex\EGLTriangleTex\Debug\link.9636-rc.read.1.tlog
C:\Users\Dhanus\Dev\Visual Studio 2012\Projects\GLES_Ex\EGLTriangleTex\Debug\link.9636-rc.write.1.tlog
C:\Users\Dhanus\Dev\Visual Studio 2012\Projects\GLES_Ex\EGLTriangleTex\Debug\link.9636.read.1.tlog
C:\Users\Dhanus\Dev\Visual Studio 2012\Projects\GLES_Ex\EGLTriangleTex\Debug\link.9636.write.1.tlog
C:\Users\Dhanus\Dev\Visual Studio 2012\Projects\GLES_Ex\EGLTriangleTex\Debug\link.command.1.tlog
C:\Users\Dhanus\Dev\Visual Studio 2012\Projects\GLES_Ex\EGLTriangleTex\Debug\link.read.1.tlog
C:\Users\Dhanus\Dev\Visual Studio 2012\Projects\GLES_Ex\EGLTriangleTex\Debug\link.read.2.tlog
C:\Users\Dhanus\Dev\Visual Studio 2012\Projects\GLES_Ex\EGLTriangleTex\Debug\link.write.1.tlog
C:\Users\Dhanus\Dev\Visual Studio 2012\Projects\GLES_Ex\EGLTriangleTex\Debug\vc110.idb
C:\Users\Dhanus\Dev\Visual Studio 2012\Projects\GLES_Ex\EGLTriangleTex\Debug\vc110.pdb
