Build started 24/11/2012 17:20:21.
     1>Project "C:\Users\Dhanus\Dev\Visual Studio 2012\Projects\GLES_Ex\Model\Model.vcxproj" on node 2 (Build target(s)).
     1>ClCompile:
         C:\Program Files (x86)\Microsoft Visual Studio 11.0\VC\bin\CL.exe /c /I"C:\Users\Dhanus\Dev\Visual Studio 2012\Projects\DXMath\Includes\\" /I..\Common\Include /ZI /nologo /W3 /WX- /Od /Oy- /D __WIN32 /D _MBCS /D _MBCS /Gm /EHsc /RTC1 /MDd /GS /fp:precise /Zc:wchar_t /Zc:forScope /Fo"Debug\\" /Fd"Debug\vc110.pdb" /Gd /TP /analyze- /errorReport:prompt Triangle.cpp
         Triangle.cpp
     1>c:\users\dhanus\dev\visual studio 2012\projects\gles_ex\model\dxmath.h(76): warning C4244: 'initializing' : conversion from 'double' to 'float', possible loss of data
     1>c:\users\dhanus\dev\visual studio 2012\projects\gles_ex\model\triangle.cpp(146): warning C4715: 'WinMain' : not all control paths return a value
       Link:
         C:\Program Files (x86)\Microsoft Visual Studio 11.0\VC\bin\link.exe /ERRORREPORT:PROMPT /OUT:"C:\Users\Dhanus\Dev\Visual Studio 2012\Projects\GLES_Ex\Model\Debug\Model.exe" /INCREMENTAL /NOLOGO /LIBPATH:..\Common\Lib /LIBPATH:..\Lib libEGL.lib libGLESv2.lib esUtil_d.lib kernel32.lib user32.lib gdi32.lib winspool.lib comdlg32.lib advapi32.lib shell32.lib ole32.lib oleaut32.lib uuid.lib odbc32.lib odbccp32.lib /MANIFEST /MANIFESTUAC:"level='asInvoker' uiAccess='false'" /manifest:embed /DEBUG /PDB:"C:\Users\Dhanus\Dev\Visual Studio 2012\Projects\GLES_Ex\Model\Debug\Model.pdb" /TLBID:1 /DYNAMICBASE /NXCOMPAT /IMPLIB:"C:\Users\Dhanus\Dev\Visual Studio 2012\Projects\GLES_Ex\Model\Debug\Model.lib" /MACHINE:X86 Debug\drawable.obj
         Debug\DXMath.obj
         Debug\DXMatrix.obj
         Debug\DXQuaternion.obj
         Debug\DXTransform.obj
         Debug\DXVector.obj
         Debug\M3DModel.obj
         Debug\Mesh.obj
         Debug\Shader.obj
         Debug\Targa.obj
         Debug\Triangle.obj
         Debug\Window.obj
         Model.vcxproj -> C:\Users\Dhanus\Dev\Visual Studio 2012\Projects\GLES_Ex\Model\Debug\Model.exe
     1>Done Building Project "C:\Users\Dhanus\Dev\Visual Studio 2012\Projects\GLES_Ex\Model\Model.vcxproj" (Build target(s)).

Build succeeded.

Time Elapsed 00:00:01.97
